2026-06-02 13:47:26 | INFO | EDA | === RUN START ===
2026-06-02 13:47:26 | INFO | EDA | project=EDA
2026-06-02 13:47:26 | INFO | EDA | repo_dir=datafun-04-notebooks
2026-06-02 13:47:26 | INFO | EDA | python=3.14.5
2026-06-02 13:47:26 | INFO | EDA | os=Darwin 20.6.0
2026-06-02 13:47:26 | INFO | EDA | shell=zsh
2026-06-02 13:47:26 | INFO | EDA | cwd=.
2026-06-02 13:47:26 | INFO | EDA | github_actions=False
2026-06-02 13:47:26 | INFO | EDA | ========================
2026-06-02 13:47:26 | INFO | EDA | START main()
2026-06-02 13:47:26 | INFO | EDA | ========================
2026-06-02 13:47:26 | INFO | EDA | --- Section 2: Load dataset: penguins ---
2026-06-02 13:47:26 | INFO | EDA | Loading dataset: penguins
2026-06-02 13:47:26 | INFO | EDA | Loaded: 344 rows, 7 columns
2026-06-02 13:47:26 | INFO | EDA | --- Section 3: Inspect shape and basic structure ---
2026-06-02 13:47:26 | INFO | EDA | Previewing first few rows of the dataset
2026-06-02 13:47:26 | DEBUG | EDA | 
  species     island  bill_length_mm  bill_depth_mm  flipper_length_mm  body_mass_g     sex
0  Adelie  Torgersen            39.1           18.7              181.0       3750.0    Male
1  Adelie  Torgersen            39.5           17.4              186.0       3800.0  Female
2  Adelie  Torgersen            40.3           18.0              195.0       3250.0  Female
3  Adelie  Torgersen             NaN            NaN                NaN          NaN     NaN
4  Adelie  Torgersen            36.7           19.3              193.0       3450.0  Female
2026-06-02 13:47:26 | INFO | EDA | Column names
2026-06-02 13:47:26 | DEBUG | EDA | ['species', 'island', 'bill_length_mm', 'bill_depth_mm', 'flipper_length_mm', 'body_mass_g', 'sex']
2026-06-02 13:47:26 | INFO | EDA | DataFrame info (types and non-null counts)
2026-06-02 13:47:26 | INFO | EDA | Dataset shape: 344 rows, 7 columns
2026-06-02 13:47:26 | INFO | EDA | --- Section 4: Create Data Dictionary and Check Data Quality ---
2026-06-02 13:47:26 | INFO | EDA | Building starter data dictionary
2026-06-02 13:47:26 | DEBUG | EDA | 
              column    dtype  missing_count  missing_pct
0            species      str              0         0.00
1             island      str              0         0.00
2     bill_length_mm  float64              2         0.58
3      bill_depth_mm  float64              2         0.58
4  flipper_length_mm  float64              2         0.58
5        body_mass_g  float64              2         0.58
6                sex      str             11         3.20
2026-06-02 13:47:26 | INFO | EDA | Missing values per column:
2026-06-02 13:47:26 | INFO | EDA | 
species               0
island                0
bill_length_mm        2
bill_depth_mm         2
flipper_length_mm     2
body_mass_g           2
sex                  11
dtype: int64
2026-06-02 13:47:26 | INFO | EDA | Checking missing values per column
2026-06-02 13:47:26 | DEBUG | EDA | 
sex                  11
bill_depth_mm         2
bill_length_mm        2
flipper_length_mm     2
body_mass_g           2
island                0
species               0
dtype: int64
2026-06-02 13:47:26 | INFO | EDA | Duplicate rows detected: 0
2026-06-02 13:47:26 | INFO | EDA | Call describe() for numeric columns
2026-06-02 13:47:26 | DEBUG | EDA | 
       bill_length_mm  bill_depth_mm  flipper_length_mm  body_mass_g
count      342.000000     342.000000         342.000000   342.000000
mean        43.921930      17.151170         200.915205  4201.754386
std          5.459584       1.974793          14.061714   801.954536
min         32.100000      13.100000         172.000000  2700.000000
25%         39.225000      15.600000         190.000000  3550.000000
50%         44.450000      17.300000         197.000000  4050.000000
75%         48.500000      18.700000         213.000000  4750.000000
max         59.600000      21.500000         231.000000  6300.000000

2026-06-02 13:47:26 | INFO | EDA | --- Section 5: Create a cleaned view for EDA ---
2026-06-02 13:47:26 | INFO | EDA | Creating cleaned view for EDA (dropping rows with key missing values)
2026-06-02 13:47:26 | DEBUG | EDA | Columns required to be non-missing: ['bill_length_mm', 'bill_depth_mm', 'flipper_length_mm', 'body_mass_g', 'species']
2026-06-02 13:47:26 | INFO | EDA | Original rows: 344
2026-06-02 13:47:26 | INFO | EDA | Clean rows:    342
2026-06-02 13:47:26 | INFO | EDA | Rows dropped:  2
2026-06-02 13:47:26 | INFO | EDA | --- Section 6: Descriptive statistics for numeric columns ---
2026-06-02 13:47:26 | INFO | EDA | --------------- Manual statistics ---------------
2026-06-02 13:47:26 | DEBUG | EDA | Body Mass Statistics (using numpy):
2026-06-02 13:47:26 | DEBUG | EDA |   Mean: 4201.75 g
2026-06-02 13:47:26 | DEBUG | EDA |   Std Dev: 800.78 g
2026-06-02 13:47:26 | DEBUG | EDA |   Min: 2700.00 g
2026-06-02 13:47:26 | DEBUG | EDA |   Max: 6300.00 g
2026-06-02 13:47:26 | DEBUG | EDA |   Range: 3600.00 g
2026-06-02 13:47:26 | INFO | EDA | --------------- Using pandas describe() method ---------------
2026-06-02 13:47:26 | INFO | EDA | Computing overall descriptive statistics
2026-06-02 13:47:26 | DEBUG | EDA | 
                   count         mean         std     min       25%      50%     75%     max
bill_length_mm     342.0    43.921930    5.459584    32.1    39.225    44.45    48.5    59.6
bill_depth_mm      342.0    17.151170    1.974793    13.1    15.600    17.30    18.7    21.5
flipper_length_mm  342.0   200.915205   14.061714   172.0   190.000   197.00   213.0   231.0
body_mass_g        342.0  4201.754386  801.954536  2700.0  3550.000  4050.00  4750.0  6300.0
2026-06-02 13:47:26 | INFO | EDA | --------------- Using pandas groupby() and agg() ---------------
2026-06-02 13:47:26 | INFO | EDA | Computing descriptive statistics by group
2026-06-02 13:47:27 | DEBUG | EDA | 
          bill_length_mm                                  bill_depth_mm                                   \
                   count       mean       std   min   max         count       mean       std   min   max   
species                                                                                                    
Adelie               151  38.791391  2.663405  32.1  46.0           151  18.346358  1.216650  15.5  21.5   
Chinstrap             68  48.833824  3.339256  40.9  58.0            68  18.420588  1.135395  16.4  20.8   
Gentoo               123  47.504878  3.081857  40.9  59.6           123  14.982114  0.981220  13.1  17.3   

          flipper_length_mm                                     body_mass_g                                           
                      count        mean       std    min    max       count         mean         std     min     max  
species                                                                                                               
Adelie                  151  189.953642  6.539457  172.0  210.0         151  3700.662252  458.566126  2850.0  4775.0  
Chinstrap                68  195.823529  7.131894  178.0  212.0          68  3733.088235  384.335081  2700.0  4800.0  
Gentoo                  123  217.186992  6.484976  203.0  231.0         123  5076.016260  504.116237  3950.0  6300.0  
2026-06-02 13:47:27 | INFO | EDA | 
Stacked view - easier to read in logs:
2026-06-02 13:47:27 | DEBUG | EDA | 
                             count         mean         std     min     max
species                                                                    
Adelie    bill_length_mm       151    38.791391    2.663405    32.1    46.0
          bill_depth_mm        151    18.346358    1.216650    15.5    21.5
          flipper_length_mm    151   189.953642    6.539457   172.0   210.0
          body_mass_g          151  3700.662252  458.566126  2850.0  4775.0
Chinstrap bill_length_mm        68    48.833824    3.339256    40.9    58.0
          bill_depth_mm         68    18.420588    1.135395    16.4    20.8
          flipper_length_mm     68   195.823529    7.131894   178.0   212.0
          body_mass_g           68  3733.088235  384.335081  2700.0  4800.0
Gentoo    bill_length_mm       123    47.504878    3.081857    40.9    59.6
          bill_depth_mm        123    14.982114    0.981220    13.1    17.3
          flipper_length_mm    123   217.186992    6.484976   203.0   231.0
          body_mass_g          123  5076.016260  504.116237  3950.0  6300.0
2026-06-02 13:47:27 | INFO | EDA | --- Section 7: Correlation matrix for numeric columns ---
2026-06-02 13:47:27 | INFO | EDA | Computing correlation matrix for numeric columns
2026-06-02 13:47:27 | INFO | EDA | 
Correlation matrix:
2026-06-02 13:47:27 | DEBUG | EDA | 
                   bill_length_mm  bill_depth_mm  flipper_length_mm  body_mass_g
bill_length_mm           1.000000      -0.235053           0.656181     0.595110
bill_depth_mm           -0.235053       1.000000          -0.583851    -0.471916
flipper_length_mm        0.656181      -0.583851           1.000000     0.871202
body_mass_g              0.595110      -0.471916           0.871202     1.000000
2026-06-02 13:47:27 | INFO | EDA | ---------Visualize Correlation Matrix as a Heatmap---------------
2026-06-02 13:47:28 | INFO | EDA | 
CUSTOM: Update these notes and use Markdown cells to narrate and tell the story as you explore. For example:

Interpretation:

 - Values close to 1 (dark red) = strong positive correlation (both increase together)
 - Values close to -1 (dark blue) = strong negative correlation (one increases, other decreases)
 - Values close to 0 (white) = little or no linear relationship
 - The diagonal is always 1 (each variable correlates perfectly with itself)

From this heatmap, we can see that flipper_length_mm and body_mass_g show strong positive correlation (~0.87).

2026-06-02 13:47:28 | INFO | EDA | --- Section 8: Charts ---
2026-06-02 13:47:28 | INFO | EDA | ---- Creating Scatter Plot to see Relationships ------
2026-06-02 13:47:28 | INFO | EDA | ----   Use clean dataframe ---------------------------
2026-06-02 13:47:28 | INFO | EDA | ----   Set x to flipper length -----------------------
2026-06-02 13:47:28 | INFO | EDA | ----   Set y to bill length --------------------------
2026-06-02 13:47:28 | INFO | EDA | ----   Set the hue (color mapping) to the group column --
2026-06-02 13:47:28 | INFO | EDA | ------ Creating Box Plot to see Distribution: ---------
2026-06-02 13:47:28 | INFO | EDA | ------   Use clean dataframe --------------------------
2026-06-02 13:47:28 | INFO | EDA | ------   Set x to the group column --------------------
2026-06-02 13:47:28 | INFO | EDA | ------   Set y to flipper length ----------------------
2026-06-02 13:47:28 | INFO | EDA | --- Section 9: Summary and next steps ---
2026-06-02 13:47:28 | INFO | EDA | ========================
2026-06-02 13:47:28 | INFO | EDA | SUMMARY
2026-06-02 13:47:28 | INFO | EDA | ========================
2026-06-02 13:47:28 | INFO | EDA | Dataset: penguins
2026-06-02 13:47:28 | INFO | EDA | Original rows: 344
2026-06-02 13:47:28 | INFO | EDA | Clean rows:    342
2026-06-02 13:47:28 | INFO | EDA | Groups found in species: ['Adelie', 'Chinstrap', 'Gentoo']
2026-06-02 13:47:28 | INFO | EDA | Strongest correlation: 
2026-06-02 13:47:28 | INFO | EDA |   flipper_length_mm and body_mass_g (~0.87)
2026-06-02 13:47:28 | INFO | EDA | Suggested next step: 
2026-06-02 13:47:28 | INFO | EDA |   Model body_mass_g ~ flipper_length_mm with linear regression
2026-06-02 13:47:28 | INFO | EDA | ----- in a script, call plt.show() once at the end to display all charts -----
2026-06-02 13:47:28 | INFO | EDA | ----- in a script, close the chart windows (with the close button) to continue  -----
2026-06-02 13:47:54 | INFO | EDA | EDA workflow complete
2026-06-02 13:47:54 | INFO | EDA | IMPORTANT: This script creates chart windows.
2026-06-02 13:47:54 | INFO | EDA | Close any chart windows and terminate this process with CTRL+c as needed.
2026-06-02 13:47:54 | INFO | EDA | ========================
2026-06-02 13:47:54 | INFO | EDA | Executed successfully!
2026-06-02 13:47:54 | INFO | EDA | ========================
2026-06-02 15:55:40 | INFO | EDA | === RUN START ===
2026-06-02 15:55:40 | INFO | EDA | project=EDA
2026-06-02 15:55:40 | INFO | EDA | repo_dir=datafun-04-notebooks
2026-06-02 15:55:40 | INFO | EDA | python=3.14.5
2026-06-02 15:55:40 | INFO | EDA | os=Darwin 20.6.0
2026-06-02 15:55:40 | INFO | EDA | shell=zsh
2026-06-02 15:55:40 | INFO | EDA | cwd=.
2026-06-02 15:55:40 | INFO | EDA | github_actions=False
2026-06-02 15:55:40 | INFO | EDA | ========================
2026-06-02 15:55:40 | INFO | EDA | START main()
2026-06-02 15:55:40 | INFO | EDA | ========================
2026-06-02 15:55:40 | INFO | EDA | --- Section 2: Load dataset: penguins ---
2026-06-02 15:55:40 | INFO | EDA | Loading dataset: penguins
2026-06-02 15:55:40 | INFO | EDA | Loaded: 344 rows, 7 columns
2026-06-02 15:55:40 | INFO | EDA | --- Section 3: Inspect shape and basic structure ---
2026-06-02 15:55:40 | INFO | EDA | Previewing first few rows of the dataset
2026-06-02 15:55:40 | DEBUG | EDA | 
  species     island  bill_length_mm  bill_depth_mm  flipper_length_mm  body_mass_g     sex
0  Adelie  Torgersen            39.1           18.7              181.0       3750.0    Male
1  Adelie  Torgersen            39.5           17.4              186.0       3800.0  Female
2  Adelie  Torgersen            40.3           18.0              195.0       3250.0  Female
3  Adelie  Torgersen             NaN            NaN                NaN          NaN     NaN
4  Adelie  Torgersen            36.7           19.3              193.0       3450.0  Female
2026-06-02 15:55:40 | INFO | EDA | Column names
2026-06-02 15:55:40 | DEBUG | EDA | ['species', 'island', 'bill_length_mm', 'bill_depth_mm', 'flipper_length_mm', 'body_mass_g', 'sex']
2026-06-02 15:55:40 | INFO | EDA | DataFrame info (types and non-null counts)
2026-06-02 15:55:40 | INFO | EDA | Dataset shape: 344 rows, 7 columns
2026-06-02 15:55:40 | INFO | EDA | --- Section 4: Create Data Dictionary and Check Data Quality ---
2026-06-02 15:55:40 | INFO | EDA | Building starter data dictionary
2026-06-02 15:55:40 | DEBUG | EDA | 
              column    dtype  missing_count  missing_pct
0            species      str              0         0.00
1             island      str              0         0.00
2     bill_length_mm  float64              2         0.58
3      bill_depth_mm  float64              2         0.58
4  flipper_length_mm  float64              2         0.58
5        body_mass_g  float64              2         0.58
6                sex      str             11         3.20
2026-06-02 15:55:40 | INFO | EDA | Missing values per column:
2026-06-02 15:55:40 | INFO | EDA | 
species               0
island                0
bill_length_mm        2
bill_depth_mm         2
flipper_length_mm     2
body_mass_g           2
sex                  11
dtype: int64
2026-06-02 15:55:40 | INFO | EDA | Checking missing values per column
2026-06-02 15:55:40 | DEBUG | EDA | 
sex                  11
bill_depth_mm         2
bill_length_mm        2
flipper_length_mm     2
body_mass_g           2
island                0
species               0
dtype: int64
2026-06-02 15:55:40 | INFO | EDA | Duplicate rows detected: 0
2026-06-02 15:55:40 | INFO | EDA | Call describe() for numeric columns
2026-06-02 15:55:40 | DEBUG | EDA | 
       bill_length_mm  bill_depth_mm  flipper_length_mm  body_mass_g
count      342.000000     342.000000         342.000000   342.000000
mean        43.921930      17.151170         200.915205  4201.754386
std          5.459584       1.974793          14.061714   801.954536
min         32.100000      13.100000         172.000000  2700.000000
25%         39.225000      15.600000         190.000000  3550.000000
50%         44.450000      17.300000         197.000000  4050.000000
75%         48.500000      18.700000         213.000000  4750.000000
max         59.600000      21.500000         231.000000  6300.000000

2026-06-02 15:55:40 | INFO | EDA | --- Missing values per column ---
2026-06-02 15:55:40 | INFO | EDA | Missing values per column:
2026-06-02 15:55:40 | INFO | EDA | 
species               0
island                0
bill_length_mm        2
bill_depth_mm         2
flipper_length_mm     2
body_mass_g           2
sex                  11
dtype: int64
2026-06-02 15:55:40 | INFO | EDA | --- Section 5: Create a cleaned view for EDA ---
2026-06-02 15:55:40 | INFO | EDA | Creating cleaned view for EDA (dropping rows with key missing values)
2026-06-02 15:55:40 | DEBUG | EDA | Columns required to be non-missing: ['bill_length_mm', 'bill_depth_mm', 'flipper_length_mm', 'body_mass_g', 'species']
2026-06-02 15:55:40 | INFO | EDA | Original rows: 344
2026-06-02 15:55:40 | INFO | EDA | Clean rows:    342
2026-06-02 15:55:40 | INFO | EDA | Rows dropped:  2
2026-06-02 15:55:40 | INFO | EDA | --- Section 6: Descriptive statistics for numeric columns ---
2026-06-02 15:55:40 | INFO | EDA | --------------- Manual statistics ---------------
2026-06-02 15:55:40 | DEBUG | EDA | Body Mass Statistics (using numpy):
2026-06-02 15:55:40 | DEBUG | EDA |   Mean: 4201.75 g
2026-06-02 15:55:40 | DEBUG | EDA |   Std Dev: 800.78 g
2026-06-02 15:55:40 | DEBUG | EDA |   Min: 2700.00 g
2026-06-02 15:55:40 | DEBUG | EDA |   Max: 6300.00 g
2026-06-02 15:55:40 | DEBUG | EDA |   Range: 3600.00 g
2026-06-02 15:55:40 | INFO | EDA | --------------- Using pandas describe() method ---------------
2026-06-02 15:55:40 | INFO | EDA | Computing overall descriptive statistics
2026-06-02 15:55:40 | DEBUG | EDA | 
                   count         mean         std     min       25%      50%     75%     max
bill_length_mm     342.0    43.921930    5.459584    32.1    39.225    44.45    48.5    59.6
bill_depth_mm      342.0    17.151170    1.974793    13.1    15.600    17.30    18.7    21.5
flipper_length_mm  342.0   200.915205   14.061714   172.0   190.000   197.00   213.0   231.0
body_mass_g        342.0  4201.754386  801.954536  2700.0  3550.000  4050.00  4750.0  6300.0
2026-06-02 15:55:40 | INFO | EDA | --------------- Using pandas groupby() and agg() ---------------
2026-06-02 15:55:40 | INFO | EDA | Computing descriptive statistics by group
2026-06-02 15:55:40 | DEBUG | EDA | 
          bill_length_mm                                  bill_depth_mm                                   \
                   count       mean       std   min   max         count       mean       std   min   max   
species                                                                                                    
Adelie               151  38.791391  2.663405  32.1  46.0           151  18.346358  1.216650  15.5  21.5   
Chinstrap             68  48.833824  3.339256  40.9  58.0            68  18.420588  1.135395  16.4  20.8   
Gentoo               123  47.504878  3.081857  40.9  59.6           123  14.982114  0.981220  13.1  17.3   

          flipper_length_mm                                     body_mass_g                                           
                      count        mean       std    min    max       count         mean         std     min     max  
species                                                                                                               
Adelie                  151  189.953642  6.539457  172.0  210.0         151  3700.662252  458.566126  2850.0  4775.0  
Chinstrap                68  195.823529  7.131894  178.0  212.0          68  3733.088235  384.335081  2700.0  4800.0  
Gentoo                  123  217.186992  6.484976  203.0  231.0         123  5076.016260  504.116237  3950.0  6300.0  
2026-06-02 15:55:40 | INFO | EDA | 
Stacked view - easier to read in logs:
2026-06-02 15:55:40 | DEBUG | EDA | 
                             count         mean         std     min     max
species                                                                    
Adelie    bill_length_mm       151    38.791391    2.663405    32.1    46.0
          bill_depth_mm        151    18.346358    1.216650    15.5    21.5
          flipper_length_mm    151   189.953642    6.539457   172.0   210.0
          body_mass_g          151  3700.662252  458.566126  2850.0  4775.0
Chinstrap bill_length_mm        68    48.833824    3.339256    40.9    58.0
          bill_depth_mm         68    18.420588    1.135395    16.4    20.8
          flipper_length_mm     68   195.823529    7.131894   178.0   212.0
          body_mass_g           68  3733.088235  384.335081  2700.0  4800.0
Gentoo    bill_length_mm       123    47.504878    3.081857    40.9    59.6
          bill_depth_mm        123    14.982114    0.981220    13.1    17.3
          flipper_length_mm    123   217.186992    6.484976   203.0   231.0
          body_mass_g          123  5076.016260  504.116237  3950.0  6300.0
2026-06-02 15:55:40 | INFO | EDA | --- Section 7: Correlation matrix for numeric columns ---
2026-06-02 15:55:40 | INFO | EDA | Computing correlation matrix for numeric columns
2026-06-02 15:55:40 | INFO | EDA | 
Correlation matrix:
2026-06-02 15:55:40 | DEBUG | EDA | 
                   bill_length_mm  bill_depth_mm  flipper_length_mm  body_mass_g
bill_length_mm           1.000000      -0.235053           0.656181     0.595110
bill_depth_mm           -0.235053       1.000000          -0.583851    -0.471916
flipper_length_mm        0.656181      -0.583851           1.000000     0.871202
body_mass_g              0.595110      -0.471916           0.871202     1.000000
2026-06-02 15:55:40 | INFO | EDA | ---------Visualize Correlation Matrix as a Heatmap---------------
2026-06-02 15:55:41 | INFO | EDA | 
CUSTOM: Update these notes and use Markdown cells to narrate and tell the story as you explore. For example:

Interpretation:

 - Values close to 1 (dark red) = strong positive correlation (both increase together)
 - Values close to -1 (dark blue) = strong negative correlation (one increases, other decreases)
 - Values close to 0 (white) = little or no linear relationship
 - The diagonal is always 1 (each variable correlates perfectly with itself)

From this heatmap, we can see that flipper_length_mm and body_mass_g show strong positive correlation (~0.87).

2026-06-02 15:55:41 | INFO | EDA | --- Section 8: Charts ---
2026-06-02 15:55:41 | INFO | EDA | ---- Creating Scatter Plot to see Relationships ------
2026-06-02 15:55:41 | INFO | EDA | ----   Use clean dataframe ---------------------------
2026-06-02 15:55:41 | INFO | EDA | ----   Set x to flipper length -----------------------
2026-06-02 15:55:41 | INFO | EDA | ----   Set y to bill length --------------------------
2026-06-02 15:55:41 | INFO | EDA | ----   Set the hue (color mapping) to the group column --
2026-06-02 15:55:41 | INFO | EDA | ------ Creating Box Plot to see Distribution: ---------
2026-06-02 15:55:41 | INFO | EDA | ------   Use clean dataframe --------------------------
2026-06-02 15:55:41 | INFO | EDA | ------   Set x to the group column --------------------
2026-06-02 15:55:41 | INFO | EDA | ------   Set y to flipper length ----------------------
2026-06-02 15:55:41 | INFO | EDA | --- Section 9: Summary and next steps ---
2026-06-02 15:55:41 | INFO | EDA | ========================
2026-06-02 15:55:41 | INFO | EDA | SUMMARY
2026-06-02 15:55:41 | INFO | EDA | ========================
2026-06-02 15:55:41 | INFO | EDA | Dataset: penguins
2026-06-02 15:55:41 | INFO | EDA | Original rows: 344
2026-06-02 15:55:41 | INFO | EDA | Clean rows:    342
2026-06-02 15:55:41 | INFO | EDA | Groups found in species: ['Adelie', 'Chinstrap', 'Gentoo']
2026-06-02 15:55:41 | INFO | EDA | Strongest correlation: 
2026-06-02 15:55:41 | INFO | EDA |   flipper_length_mm and body_mass_g (~0.87)
2026-06-02 15:55:41 | INFO | EDA | Suggested next step: 
2026-06-02 15:55:41 | INFO | EDA |   Model body_mass_g ~ flipper_length_mm with linear regression
2026-06-02 15:55:41 | INFO | EDA | ----- in a script, call plt.show() once at the end to display all charts -----
2026-06-02 15:55:41 | INFO | EDA | ----- in a script, close the chart windows (with the close button) to continue  -----
2026-06-02 15:55:47 | INFO | EDA | EDA workflow complete
2026-06-02 15:55:47 | INFO | EDA | IMPORTANT: This script creates chart windows.
2026-06-02 15:55:47 | INFO | EDA | Close any chart windows and terminate this process with CTRL+c as needed.
2026-06-02 15:55:47 | INFO | EDA | ========================
2026-06-02 15:55:47 | INFO | EDA | Executed successfully!
2026-06-02 15:55:47 | INFO | EDA | ========================
2026-06-03 12:34:06 | INFO | EDA-NB | === RUN START ===
2026-06-03 12:34:06 | INFO | EDA-NB | project=EDA-NB
2026-06-03 12:34:06 | INFO | EDA-NB | repo_dir=datafun-04-notebooks
2026-06-03 12:34:06 | INFO | EDA-NB | python=3.14.5
2026-06-03 12:34:06 | INFO | EDA-NB | os=Darwin 20.6.0
2026-06-03 12:34:06 | INFO | EDA-NB | shell=zsh
2026-06-03 12:34:06 | INFO | EDA-NB | cwd=notebooks
2026-06-03 12:34:06 | INFO | EDA-NB | github_actions=False
2026-06-03 12:34:06 | INFO | EDA-NB | Imports complete.
2026-06-03 12:34:25 | INFO | EDA-NB | Loading dataset: diamonds
2026-06-03 12:34:26 | INFO | EDA-NB | Loaded: 53940 rows, 10 columns
2026-06-03 12:35:32 | INFO | EDA-NB | Previewing first few rows of the dataset
2026-06-03 12:35:49 | INFO | EDA-NB | Column names
2026-06-03 12:35:53 | INFO | EDA-NB | DataFrame info (types and non-null counts)
2026-06-03 12:36:16 | INFO | EDA-NB | Dataset shape: 53940 rows, 10 columns
2026-06-03 12:36:32 | INFO | EDA-NB | Building starter data dictionary
2026-06-03 12:36:32 | DEBUG | EDA-NB | 
    column     dtype  missing_count  missing_pct
0    carat   float64              0          0.0
1      cut  category              0          0.0
2    color  category              0          0.0
3  clarity  category              0          0.0
4    depth   float64              0          0.0
5    table   float64              0          0.0
6    price     int64              0          0.0
7        x   float64              0          0.0
8        y   float64              0          0.0
9        z   float64              0          0.0
2026-06-03 12:37:08 | INFO | EDA-NB | === RUN START ===
2026-06-03 12:37:08 | INFO | EDA-NB | project=EDA-NB
2026-06-03 12:37:08 | INFO | EDA-NB | repo_dir=datafun-04-notebooks
2026-06-03 12:37:08 | INFO | EDA-NB | python=3.14.5
2026-06-03 12:37:08 | INFO | EDA-NB | os=Darwin 20.6.0
2026-06-03 12:37:08 | INFO | EDA-NB | shell=zsh
2026-06-03 12:37:08 | INFO | EDA-NB | cwd=notebooks
2026-06-03 12:37:08 | INFO | EDA-NB | github_actions=False
2026-06-03 12:37:08 | INFO | EDA-NB | Imports complete.
2026-06-03 12:37:12 | INFO | EDA-NB | Loading dataset: penguins
2026-06-03 12:37:12 | INFO | EDA-NB | Loaded: 344 rows, 7 columns
2026-06-03 12:37:15 | INFO | EDA-NB | Previewing first few rows of the dataset
2026-06-03 12:37:18 | INFO | EDA-NB | Column names
2026-06-03 12:37:21 | INFO | EDA-NB | DataFrame info (types and non-null counts)
2026-06-03 12:37:25 | INFO | EDA-NB | Dataset shape: 344 rows, 7 columns
2026-06-03 12:37:29 | INFO | EDA-NB | Building starter data dictionary
2026-06-03 12:37:29 | DEBUG | EDA-NB | 
              column    dtype  missing_count  missing_pct
0            species      str              0         0.00
1             island      str              0         0.00
2     bill_length_mm  float64              2         0.58
3      bill_depth_mm  float64              2         0.58
4  flipper_length_mm  float64              2         0.58
5        body_mass_g  float64              2         0.58
6                sex      str             11         3.20
2026-06-03 12:37:49 | INFO | EDA-NB | Missing values per column:
2026-06-03 12:37:49 | INFO | EDA-NB | carat      0
cut        0
color      0
clarity    0
depth      0
table      0
price      0
x          0
y          0
z          0
dtype: int64
2026-06-03 12:37:49 | INFO | EDA-NB | Checking missing values per column
2026-06-03 12:37:49 | DEBUG | EDA-NB | 
carat      0
cut        0
color      0
clarity    0
depth      0
table      0
price      0
x          0
y          0
z          0
dtype: int64
2026-06-03 12:37:49 | INFO | EDA-NB | Duplicate rows detected: 146
2026-06-03 12:37:49 | INFO | EDA-NB | Call describe() for numeric columns
2026-06-03 12:37:49 | DEBUG | EDA-NB | 
              carat         depth         table         price
count  53940.000000  53940.000000  53940.000000  53940.000000
mean       0.797940     61.749405     57.457184   3932.799722
std        0.474011      1.432621      2.234491   3989.439738
min        0.200000     43.000000     43.000000    326.000000
25%        0.400000     61.000000     56.000000    950.000000
50%        0.700000     61.800000     57.000000   2401.000000
75%        1.040000     62.500000     59.000000   5324.250000
max        5.010000     79.000000     95.000000  18823.000000

2026-06-03 12:38:37 | DEBUG | EDA-NB | Columns required to be non-missing: ['carat', 'depth', 'table', 'price', 'cut']
2026-06-03 12:38:37 | INFO | EDA-NB | Original rows: 53940
2026-06-03 12:38:37 | INFO | EDA-NB | Clean rows:    53940
2026-06-03 12:38:37 | INFO | EDA-NB | Rows dropped:  0
2026-06-03 12:41:14 | INFO | EDA-NB | --------------- Manual statistics ---------------
2026-06-03 12:41:14 | INFO | EDA-NB | Body Mass Statistics (using numpy):
2026-06-03 12:41:14 | INFO | EDA-NB |   Mean: 3932.80 g
2026-06-03 12:41:14 | INFO | EDA-NB |   Std Dev: 3989.40 g
2026-06-03 12:41:14 | INFO | EDA-NB |   Min: 326.00 g
2026-06-03 12:41:14 | INFO | EDA-NB |   Max: 18823.00 g
2026-06-03 12:41:14 | INFO | EDA-NB |   Range: 18497.00 g
2026-06-03 12:41:30 | INFO | EDA-NB | Computing overall descriptive statistics
2026-06-03 12:41:30 | DEBUG | EDA-NB | 
         count         mean          std    min    25%     50%      75%       max
carat  53940.0     0.797940     0.474011    0.2    0.4     0.7     1.04      5.01
depth  53940.0    61.749405     1.432621   43.0   61.0    61.8    62.50     79.00
table  53940.0    57.457184     2.234491   43.0   56.0    57.0    59.00     95.00
price  53940.0  3932.799722  3989.439738  326.0  950.0  2401.0  5324.25  18823.00
2026-06-03 12:41:30 | INFO | EDA-NB | --------------- Using pandas groupby() and agg() ---------------
2026-06-03 12:41:30 | INFO | EDA-NB | Computing descriptive statistics by group
2026-06-03 12:41:30 | DEBUG | EDA-NB | 
           carat                                  depth                                   table                       \
           count      mean       std   min   max  count       mean       std   min   max  count       mean       std   
cut                                                                                                                    
Ideal      21551  0.702837  0.432876  0.20  3.50  21551  61.709401  0.718539  43.0  66.7  21551  55.951668  1.246423   
Premium    13791  0.891955  0.515262  0.20  4.01  13791  61.264673  1.158815  58.0  63.0  13791  58.746095  1.478573   
Very Good  12082  0.806381  0.459435  0.20  4.00  12082  61.818275  1.378631  56.8  64.9  12082  57.956150  2.121448   
Good        4906  0.849185  0.454054  0.23  3.01   4906  62.365879  2.169374  54.3  67.0   4906  58.694639  2.851300   
Fair        1610  1.046137  0.516404  0.22  5.01   1610  64.041677  3.643428  43.0  79.0   1610  59.053789  3.946261   

                       price                                        
            min   max  count         mean          std  min    max  
cut                                                                 
Ideal      43.0  63.0  21551  3457.541970  3808.401172  326  18806  
Premium    51.0  62.0  13791  4584.257704  4349.204961  326  18823  
Very Good  44.0  66.0  12082  3981.759891  3935.862161  336  18818  
Good       51.0  66.0   4906  3928.864452  3681.589584  327  18788  
Fair       49.0  95.0   1610  4358.757764  3560.386612  337  18574  
2026-06-03 12:42:02 | INFO | EDA-NB | --------------- Improving the output ---------------
2026-06-03 12:42:02 | DEBUG | EDA-NB | 
                 count         mean          std     min       max
cut                                                               
Ideal     carat  21551     0.702837     0.432876    0.20      3.50
          depth  21551    61.709401     0.718539   43.00     66.70
          table  21551    55.951668     1.246423   43.00     63.00
          price  21551  3457.541970  3808.401172  326.00  18806.00
Premium   carat  13791     0.891955     0.515262    0.20      4.01
          depth  13791    61.264673     1.158815   58.00     63.00
          table  13791    58.746095     1.478573   51.00     62.00
          price  13791  4584.257704  4349.204961  326.00  18823.00
Very Good carat  12082     0.806381     0.459435    0.20      4.00
          depth  12082    61.818275     1.378631   56.80     64.90
          table  12082    57.956150     2.121448   44.00     66.00
          price  12082  3981.759891  3935.862161  336.00  18818.00
Good      carat   4906     0.849185     0.454054    0.23      3.01
          depth   4906    62.365879     2.169374   54.30     67.00
          table   4906    58.694639     2.851300   51.00     66.00
          price   4906  3928.864452  3681.589584  327.00  18788.00
Fair      carat   1610     1.046137     0.516404    0.22      5.01
          depth   1610    64.041677     3.643428   43.00     79.00
          table   1610    59.053789     3.946261   49.00     95.00
          price   1610  4358.757764  3560.386612  337.00  18574.00
2026-06-03 12:42:13 | INFO | EDA-NB | Computing correlation matrix for numeric columns
2026-06-03 12:42:13 | INFO | EDA-NB | 
Correlation matrix:
2026-06-03 12:42:13 | DEBUG | EDA-NB | 
          carat     depth     table     price         x         y         z
carat  1.000000  0.028224  0.181618  0.921591  0.975094  0.951722  0.953387
depth  0.028224  1.000000 -0.295779 -0.010647 -0.025289 -0.029341  0.094924
table  0.181618 -0.295779  1.000000  0.127134  0.195344  0.183760  0.150929
price  0.921591 -0.010647  0.127134  1.000000  0.884435  0.865421  0.861249
x      0.975094 -0.025289  0.195344  0.884435  1.000000  0.974701  0.970772
y      0.951722 -0.029341  0.183760  0.865421  0.974701  1.000000  0.952006
z      0.953387  0.094924  0.150929  0.861249  0.970772  0.952006  1.000000
2026-06-03 12:42:34 | INFO | EDA-NB | ---------Visualize Correlation Matrix as a Heatmap---------------
2026-06-03 12:44:03 | INFO | EDA-NB | ---------Visualize Correlation Matrix as a Heatmap---------------
2026-06-03 12:44:13 | INFO | EDA-NB | ---------Visualize Correlation Matrix as a Heatmap---------------
2026-06-03 12:57:33 | INFO | EDA-NB | ---- Creating Scatter Plot to see Relationships ------
2026-06-03 12:57:33 | INFO | EDA-NB | ----   Use clean dataframe ---------------------------
2026-06-03 12:57:33 | INFO | EDA-NB | ----   Set x to carat --------------------------------
2026-06-03 12:57:33 | INFO | EDA-NB | ----   Set y to price --------------------------------
2026-06-03 12:57:33 | INFO | EDA-NB | ----   Set the hue (color mapping) to the group column --
2026-06-03 13:01:42 | INFO | EDA-NB | ------- Creating another chart -------
2026-06-03 13:01:42 | INFO | EDA-NB | ------ Creating Box Plot to see Distribution: ---------
2026-06-03 13:01:42 | INFO | EDA-NB | ------   Use clean dataframe --------------------------
2026-06-03 13:01:42 | INFO | EDA-NB | ------   Set x to cut ---------------------------------
2026-06-03 13:01:42 | INFO | EDA-NB | ------   Set y to price ($) ---------------------------
2026-06-03 13:06:45 | INFO | EDA-NB | === RUN START ===
2026-06-03 13:06:45 | INFO | EDA-NB | project=EDA-NB
2026-06-03 13:06:45 | INFO | EDA-NB | repo_dir=datafun-04-notebooks
2026-06-03 13:06:45 | INFO | EDA-NB | python=3.14.5
2026-06-03 13:06:45 | INFO | EDA-NB | os=Darwin 20.6.0
2026-06-03 13:06:45 | INFO | EDA-NB | shell=zsh
2026-06-03 13:06:45 | INFO | EDA-NB | cwd=notebooks
2026-06-03 13:06:45 | INFO | EDA-NB | github_actions=False
2026-06-03 13:06:45 | INFO | EDA-NB | Imports complete.
2026-06-03 13:06:45 | INFO | EDA-NB | Loading dataset: penguins
2026-06-03 13:06:45 | INFO | EDA-NB | Loaded: 344 rows, 7 columns
2026-06-03 13:06:45 | INFO | EDA-NB | Previewing first few rows of the dataset
2026-06-03 13:06:46 | INFO | EDA-NB | Column names
2026-06-03 13:06:46 | INFO | EDA-NB | DataFrame info (types and non-null counts)
2026-06-03 13:06:46 | INFO | EDA-NB | Dataset shape: 344 rows, 7 columns
2026-06-03 13:06:46 | INFO | EDA-NB | Building starter data dictionary
2026-06-03 13:06:46 | DEBUG | EDA-NB | 
              column    dtype  missing_count  missing_pct
0            species      str              0         0.00
1             island      str              0         0.00
2     bill_length_mm  float64              2         0.58
3      bill_depth_mm  float64              2         0.58
4  flipper_length_mm  float64              2         0.58
5        body_mass_g  float64              2         0.58
6                sex      str             11         3.20
2026-06-03 13:06:46 | INFO | EDA-NB | Missing values per column:
2026-06-03 13:06:46 | INFO | EDA-NB | species               0
island                0
bill_length_mm        2
bill_depth_mm         2
flipper_length_mm     2
body_mass_g           2
sex                  11
dtype: int64
2026-06-03 13:06:46 | INFO | EDA-NB | Checking missing values per column
2026-06-03 13:06:46 | DEBUG | EDA-NB | 
sex                  11
bill_depth_mm         2
bill_length_mm        2
flipper_length_mm     2
body_mass_g           2
island                0
species               0
dtype: int64
2026-06-03 13:06:46 | INFO | EDA-NB | Duplicate rows detected: 0
2026-06-03 13:06:46 | INFO | EDA-NB | Call describe() for numeric columns
2026-06-03 13:06:46 | DEBUG | EDA-NB | 
       bill_length_mm  bill_depth_mm  flipper_length_mm  body_mass_g
count      342.000000     342.000000         342.000000   342.000000
mean        43.921930      17.151170         200.915205  4201.754386
std          5.459584       1.974793          14.061714   801.954536
min         32.100000      13.100000         172.000000  2700.000000
25%         39.225000      15.600000         190.000000  3550.000000
50%         44.450000      17.300000         197.000000  4050.000000
75%         48.500000      18.700000         213.000000  4750.000000
max         59.600000      21.500000         231.000000  6300.000000

2026-06-03 13:06:46 | DEBUG | EDA-NB | Columns required to be non-missing: ['bill_length_mm', 'bill_depth_mm', 'flipper_length_mm', 'body_mass_g', 'species']
2026-06-03 13:06:46 | INFO | EDA-NB | Original rows: 344
2026-06-03 13:06:46 | INFO | EDA-NB | Clean rows:    342
2026-06-03 13:06:46 | INFO | EDA-NB | Rows dropped:  2
2026-06-03 13:06:46 | INFO | EDA-NB | --------------- Manual statistics ---------------
2026-06-03 13:06:46 | INFO | EDA-NB | Body Mass Statistics (using numpy):
2026-06-03 13:06:46 | INFO | EDA-NB |   Mean: 4201.75 g
2026-06-03 13:06:46 | INFO | EDA-NB |   Std Dev: 800.78 g
2026-06-03 13:06:46 | INFO | EDA-NB |   Min: 2700.00 g
2026-06-03 13:06:46 | INFO | EDA-NB |   Max: 6300.00 g
2026-06-03 13:06:46 | INFO | EDA-NB |   Range: 3600.00 g
2026-06-03 13:06:46 | INFO | EDA-NB | Computing overall descriptive statistics
2026-06-03 13:06:46 | DEBUG | EDA-NB | 
                   count         mean         std     min       25%      50%     75%     max
bill_length_mm     342.0    43.921930    5.459584    32.1    39.225    44.45    48.5    59.6
bill_depth_mm      342.0    17.151170    1.974793    13.1    15.600    17.30    18.7    21.5
flipper_length_mm  342.0   200.915205   14.061714   172.0   190.000   197.00   213.0   231.0
body_mass_g        342.0  4201.754386  801.954536  2700.0  3550.000  4050.00  4750.0  6300.0
2026-06-03 13:06:46 | INFO | EDA-NB | --------------- Using pandas groupby() and agg() ---------------
2026-06-03 13:06:46 | INFO | EDA-NB | Computing descriptive statistics by group
2026-06-03 13:06:46 | DEBUG | EDA-NB | 
          bill_length_mm                                  bill_depth_mm                                   \
                   count       mean       std   min   max         count       mean       std   min   max   
species                                                                                                    
Adelie               151  38.791391  2.663405  32.1  46.0           151  18.346358  1.216650  15.5  21.5   
Chinstrap             68  48.833824  3.339256  40.9  58.0            68  18.420588  1.135395  16.4  20.8   
Gentoo               123  47.504878  3.081857  40.9  59.6           123  14.982114  0.981220  13.1  17.3   

          flipper_length_mm                                     body_mass_g                                           
                      count        mean       std    min    max       count         mean         std     min     max  
species                                                                                                               
Adelie                  151  189.953642  6.539457  172.0  210.0         151  3700.662252  458.566126  2850.0  4775.0  
Chinstrap                68  195.823529  7.131894  178.0  212.0          68  3733.088235  384.335081  2700.0  4800.0  
Gentoo                  123  217.186992  6.484976  203.0  231.0         123  5076.016260  504.116237  3950.0  6300.0  
2026-06-03 13:06:46 | INFO | EDA-NB | --------------- Improving the output ---------------
2026-06-03 13:06:46 | DEBUG | EDA-NB | 
                             count         mean         std     min     max
species                                                                    
Adelie    bill_length_mm       151    38.791391    2.663405    32.1    46.0
          bill_depth_mm        151    18.346358    1.216650    15.5    21.5
          flipper_length_mm    151   189.953642    6.539457   172.0   210.0
          body_mass_g          151  3700.662252  458.566126  2850.0  4775.0
Chinstrap bill_length_mm        68    48.833824    3.339256    40.9    58.0
          bill_depth_mm         68    18.420588    1.135395    16.4    20.8
          flipper_length_mm     68   195.823529    7.131894   178.0   212.0
          body_mass_g           68  3733.088235  384.335081  2700.0  4800.0
Gentoo    bill_length_mm       123    47.504878    3.081857    40.9    59.6
          bill_depth_mm        123    14.982114    0.981220    13.1    17.3
          flipper_length_mm    123   217.186992    6.484976   203.0   231.0
          body_mass_g          123  5076.016260  504.116237  3950.0  6300.0
2026-06-03 13:06:46 | INFO | EDA-NB | Computing correlation matrix for numeric columns
2026-06-03 13:06:46 | INFO | EDA-NB | 
Correlation matrix:
2026-06-03 13:06:46 | DEBUG | EDA-NB | 
                   bill_length_mm  bill_depth_mm  flipper_length_mm  body_mass_g
bill_length_mm           1.000000      -0.235053           0.656181     0.595110
bill_depth_mm           -0.235053       1.000000          -0.583851    -0.471916
flipper_length_mm        0.656181      -0.583851           1.000000     0.871202
body_mass_g              0.595110      -0.471916           0.871202     1.000000
2026-06-03 13:06:46 | INFO | EDA-NB | ---------Visualize Correlation Matrix as a Heatmap---------------
2026-06-03 13:06:46 | INFO | EDA-NB | ---- Creating Scatter Plot to see Relationships ------
2026-06-03 13:06:46 | INFO | EDA-NB | ----   Use clean dataframe ---------------------------
2026-06-03 13:06:46 | INFO | EDA-NB | ----   Set x to flipper length -----------------------
2026-06-03 13:06:46 | INFO | EDA-NB | ----   Set y to bill length --------------------------
2026-06-03 13:06:46 | INFO | EDA-NB | ----   Set the hue (color mapping) to the group column --
2026-06-03 13:06:47 | INFO | EDA-NB | ------- Creating another chart -------
2026-06-03 13:06:47 | INFO | EDA-NB | ------ Creating Box Plot to see Distribution: ---------
2026-06-03 13:06:47 | INFO | EDA-NB | ------   Use clean dataframe --------------------------
2026-06-03 13:06:47 | INFO | EDA-NB | ------   Set x to the group column --------------------
2026-06-03 13:06:47 | INFO | EDA-NB | ------   Set y to flipper length ----------------------
2026-06-03 13:06:47 | INFO | EDA-NB | ========================
2026-06-03 13:06:47 | INFO | EDA-NB | SUMMARY
2026-06-03 13:06:47 | INFO | EDA-NB | ========================
2026-06-03 13:06:47 | INFO | EDA-NB | Dataset: penguins
2026-06-03 13:06:47 | INFO | EDA-NB | Original rows: 344
2026-06-03 13:06:47 | INFO | EDA-NB | Clean rows:    342
2026-06-03 13:06:47 | INFO | EDA-NB | Groups found in species: ['Adelie', 'Chinstrap', 'Gentoo']
2026-06-03 13:06:47 | INFO | EDA-NB | Strongest correlation: 
2026-06-03 13:06:47 | INFO | EDA-NB |   flipper_length_mm and body_mass_g (~0.87)
2026-06-03 13:06:47 | INFO | EDA-NB | Suggested next step: 
2026-06-03 13:06:47 | INFO | EDA-NB |   Model body_mass_g ~ flipper_length_mm with linear regression
2026-06-03 13:06:47 | INFO | EDA-NB | EDA workflow complete
2026-06-03 13:06:47 | INFO | EDA-NB | IMPORTANT: This script creates chart windows.
2026-06-03 13:06:47 | INFO | EDA-NB | Close any chart windows and terminate this process with CTRL+c as needed.
2026-06-03 13:06:47 | INFO | EDA-NB | ========================
2026-06-03 13:06:47 | INFO | EDA-NB | Executed successfully!
2026-06-03 13:06:47 | INFO | EDA-NB | ========================
2026-06-03 13:12:06 | INFO | EDA-NB | ------- Creating another chart -------
2026-06-03 13:12:06 | INFO | EDA-NB | ------ Creating Box Plot to see Distribution: ---------
2026-06-03 13:12:06 | INFO | EDA-NB | ------   Use clean dataframe --------------------------
2026-06-03 13:12:06 | INFO | EDA-NB | ------   Set x to cut ---------------------------------
2026-06-03 13:12:06 | INFO | EDA-NB | ------   Set y to price ($) ---------------------------
2026-06-03 13:14:07 | INFO | EDA-NB | ========================
2026-06-03 13:14:07 | INFO | EDA-NB | SUMMARY
2026-06-03 13:14:07 | INFO | EDA-NB | ========================
2026-06-03 13:14:07 | INFO | EDA-NB | Dataset: diamonds
2026-06-03 13:14:07 | INFO | EDA-NB | Original rows: 53940
2026-06-03 13:14:07 | INFO | EDA-NB | Clean rows:    53940
2026-06-03 13:14:07 | INFO | EDA-NB | Groups found in cut: ['Fair', 'Good', 'Ideal', 'Premium', 'Very Good']
2026-06-03 13:14:07 | INFO | EDA-NB | Strongest correlation: 
2026-06-03 13:14:07 | INFO | EDA-NB |   x (length of diamond) and carat (~0.98)
2026-06-03 13:14:07 | INFO | EDA-NB | Suggested next step: 
2026-06-03 13:14:07 | INFO | EDA-NB |   Model price ~ carat using linear regression
2026-06-03 13:14:07 | INFO | EDA-NB | EDA workflow complete
2026-06-03 13:14:07 | INFO | EDA-NB | IMPORTANT: This script creates chart windows.
2026-06-03 13:14:07 | INFO | EDA-NB | Close any chart windows and terminate this process with CTRL+c as needed.
2026-06-03 13:14:07 | INFO | EDA-NB | ========================
2026-06-03 13:14:07 | INFO | EDA-NB | Executed successfully!
2026-06-03 13:14:07 | INFO | EDA-NB | ========================
2026-06-03 13:18:14 | INFO | EDA-NB | ---- Creating Scatter Plot to see Relationships ------
2026-06-03 13:18:14 | INFO | EDA-NB | ----   Use clean dataframe ---------------------------
2026-06-03 13:18:14 | INFO | EDA-NB | ----   Set x to carat --------------------------------
2026-06-03 13:18:14 | INFO | EDA-NB | ----   Set y to price --------------------------------
2026-06-03 13:18:14 | INFO | EDA-NB | ----   Set the hue (color mapping) to the group column --
2026-06-03 13:20:41 | INFO | EDA-NB | === RUN START ===
2026-06-03 13:20:41 | INFO | EDA-NB | project=EDA-NB
2026-06-03 13:20:41 | INFO | EDA-NB | repo_dir=datafun-04-notebooks
2026-06-03 13:20:41 | INFO | EDA-NB | python=3.14.5
2026-06-03 13:20:41 | INFO | EDA-NB | os=Darwin 20.6.0
2026-06-03 13:20:41 | INFO | EDA-NB | shell=zsh
2026-06-03 13:20:41 | INFO | EDA-NB | cwd=notebooks
2026-06-03 13:20:41 | INFO | EDA-NB | github_actions=False
2026-06-03 13:20:41 | INFO | EDA-NB | Imports complete.
2026-06-03 13:20:41 | INFO | EDA-NB | Loading dataset: diamonds
2026-06-03 13:20:42 | INFO | EDA-NB | Loaded: 53940 rows, 10 columns
2026-06-03 13:20:42 | INFO | EDA-NB | Previewing first few rows of the dataset
2026-06-03 13:20:42 | INFO | EDA-NB | Column names
2026-06-03 13:20:42 | INFO | EDA-NB | DataFrame info (types and non-null counts)
2026-06-03 13:20:42 | INFO | EDA-NB | Dataset shape: 53940 rows, 10 columns
2026-06-03 13:20:42 | INFO | EDA-NB | Building starter data dictionary
2026-06-03 13:20:42 | DEBUG | EDA-NB | 
    column     dtype  missing_count  missing_pct
0    carat   float64              0          0.0
1      cut  category              0          0.0
2    color  category              0          0.0
3  clarity  category              0          0.0
4    depth   float64              0          0.0
5    table   float64              0          0.0
6    price     int64              0          0.0
7        x   float64              0          0.0
8        y   float64              0          0.0
9        z   float64              0          0.0
2026-06-03 13:20:42 | INFO | EDA-NB | Missing values per column:
2026-06-03 13:20:42 | INFO | EDA-NB | carat      0
cut        0
color      0
clarity    0
depth      0
table      0
price      0
x          0
y          0
z          0
dtype: int64
2026-06-03 13:20:42 | INFO | EDA-NB | Checking missing values per column
2026-06-03 13:20:42 | DEBUG | EDA-NB | 
carat      0
cut        0
color      0
clarity    0
depth      0
table      0
price      0
x          0
y          0
z          0
dtype: int64
2026-06-03 13:20:42 | INFO | EDA-NB | Duplicate rows detected: 146
2026-06-03 13:20:42 | INFO | EDA-NB | Call describe() for numeric columns
2026-06-03 13:20:42 | DEBUG | EDA-NB | 
              carat         depth         table         price
count  53940.000000  53940.000000  53940.000000  53940.000000
mean       0.797940     61.749405     57.457184   3932.799722
std        0.474011      1.432621      2.234491   3989.439738
min        0.200000     43.000000     43.000000    326.000000
25%        0.400000     61.000000     56.000000    950.000000
50%        0.700000     61.800000     57.000000   2401.000000
75%        1.040000     62.500000     59.000000   5324.250000
max        5.010000     79.000000     95.000000  18823.000000

2026-06-03 13:20:42 | DEBUG | EDA-NB | Columns required to be non-missing: ['carat', 'depth', 'table', 'price', 'cut']
2026-06-03 13:20:42 | INFO | EDA-NB | Original rows: 53940
2026-06-03 13:20:42 | INFO | EDA-NB | Clean rows:    53940
2026-06-03 13:20:42 | INFO | EDA-NB | Rows dropped:  0
2026-06-03 13:20:42 | INFO | EDA-NB | --------------- Manual statistics ---------------
2026-06-03 13:20:42 | INFO | EDA-NB | Body Mass Statistics (using numpy):
2026-06-03 13:20:42 | INFO | EDA-NB |   Mean: 3932.80 g
2026-06-03 13:20:42 | INFO | EDA-NB |   Std Dev: 3989.40 g
2026-06-03 13:20:42 | INFO | EDA-NB |   Min: 326.00 g
2026-06-03 13:20:42 | INFO | EDA-NB |   Max: 18823.00 g
2026-06-03 13:20:42 | INFO | EDA-NB |   Range: 18497.00 g
2026-06-03 13:20:42 | INFO | EDA-NB | Computing overall descriptive statistics
2026-06-03 13:20:42 | DEBUG | EDA-NB | 
         count         mean          std    min    25%     50%      75%       max
carat  53940.0     0.797940     0.474011    0.2    0.4     0.7     1.04      5.01
depth  53940.0    61.749405     1.432621   43.0   61.0    61.8    62.50     79.00
table  53940.0    57.457184     2.234491   43.0   56.0    57.0    59.00     95.00
price  53940.0  3932.799722  3989.439738  326.0  950.0  2401.0  5324.25  18823.00
2026-06-03 13:20:42 | INFO | EDA-NB | --------------- Using pandas groupby() and agg() ---------------
2026-06-03 13:20:42 | INFO | EDA-NB | Computing descriptive statistics by group
2026-06-03 13:20:42 | DEBUG | EDA-NB | 
           carat                                  depth                                   table                       \
           count      mean       std   min   max  count       mean       std   min   max  count       mean       std   
cut                                                                                                                    
Ideal      21551  0.702837  0.432876  0.20  3.50  21551  61.709401  0.718539  43.0  66.7  21551  55.951668  1.246423   
Premium    13791  0.891955  0.515262  0.20  4.01  13791  61.264673  1.158815  58.0  63.0  13791  58.746095  1.478573   
Very Good  12082  0.806381  0.459435  0.20  4.00  12082  61.818275  1.378631  56.8  64.9  12082  57.956150  2.121448   
Good        4906  0.849185  0.454054  0.23  3.01   4906  62.365879  2.169374  54.3  67.0   4906  58.694639  2.851300   
Fair        1610  1.046137  0.516404  0.22  5.01   1610  64.041677  3.643428  43.0  79.0   1610  59.053789  3.946261   

                       price                                        
            min   max  count         mean          std  min    max  
cut                                                                 
Ideal      43.0  63.0  21551  3457.541970  3808.401172  326  18806  
Premium    51.0  62.0  13791  4584.257704  4349.204961  326  18823  
Very Good  44.0  66.0  12082  3981.759891  3935.862161  336  18818  
Good       51.0  66.0   4906  3928.864452  3681.589584  327  18788  
Fair       49.0  95.0   1610  4358.757764  3560.386612  337  18574  
2026-06-03 13:20:42 | INFO | EDA-NB | --------------- Improving the output ---------------
2026-06-03 13:20:42 | DEBUG | EDA-NB | 
                 count         mean          std     min       max
cut                                                               
Ideal     carat  21551     0.702837     0.432876    0.20      3.50
          depth  21551    61.709401     0.718539   43.00     66.70
          table  21551    55.951668     1.246423   43.00     63.00
          price  21551  3457.541970  3808.401172  326.00  18806.00
Premium   carat  13791     0.891955     0.515262    0.20      4.01
          depth  13791    61.264673     1.158815   58.00     63.00
          table  13791    58.746095     1.478573   51.00     62.00
          price  13791  4584.257704  4349.204961  326.00  18823.00
Very Good carat  12082     0.806381     0.459435    0.20      4.00
          depth  12082    61.818275     1.378631   56.80     64.90
          table  12082    57.956150     2.121448   44.00     66.00
          price  12082  3981.759891  3935.862161  336.00  18818.00
Good      carat   4906     0.849185     0.454054    0.23      3.01
          depth   4906    62.365879     2.169374   54.30     67.00
          table   4906    58.694639     2.851300   51.00     66.00
          price   4906  3928.864452  3681.589584  327.00  18788.00
Fair      carat   1610     1.046137     0.516404    0.22      5.01
          depth   1610    64.041677     3.643428   43.00     79.00
          table   1610    59.053789     3.946261   49.00     95.00
          price   1610  4358.757764  3560.386612  337.00  18574.00
2026-06-03 13:20:42 | INFO | EDA-NB | Computing correlation matrix for numeric columns
2026-06-03 13:20:42 | INFO | EDA-NB | 
Correlation matrix:
2026-06-03 13:20:42 | DEBUG | EDA-NB | 
          carat     depth     table     price         x         y         z
carat  1.000000  0.028224  0.181618  0.921591  0.975094  0.951722  0.953387
depth  0.028224  1.000000 -0.295779 -0.010647 -0.025289 -0.029341  0.094924
table  0.181618 -0.295779  1.000000  0.127134  0.195344  0.183760  0.150929
price  0.921591 -0.010647  0.127134  1.000000  0.884435  0.865421  0.861249
x      0.975094 -0.025289  0.195344  0.884435  1.000000  0.974701  0.970772
y      0.951722 -0.029341  0.183760  0.865421  0.974701  1.000000  0.952006
z      0.953387  0.094924  0.150929  0.861249  0.970772  0.952006  1.000000
2026-06-03 13:20:42 | INFO | EDA-NB | ---------Visualize Correlation Matrix as a Heatmap---------------
2026-06-03 13:20:43 | INFO | EDA-NB | ---- Creating Scatter Plot to see Relationships ------
2026-06-03 13:20:43 | INFO | EDA-NB | ----   Use clean dataframe ---------------------------
2026-06-03 13:20:43 | INFO | EDA-NB | ----   Set x to carat --------------------------------
2026-06-03 13:20:43 | INFO | EDA-NB | ----   Set y to price --------------------------------
2026-06-03 13:20:43 | INFO | EDA-NB | ----   Set the hue (color mapping) to the group column --
2026-06-03 13:20:43 | INFO | EDA-NB | ------- Creating another chart -------
2026-06-03 13:20:43 | INFO | EDA-NB | ------ Creating Box Plot to see Distribution: ---------
2026-06-03 13:20:43 | INFO | EDA-NB | ------   Use clean dataframe --------------------------
2026-06-03 13:20:43 | INFO | EDA-NB | ------   Set x to cut ---------------------------------
2026-06-03 13:20:43 | INFO | EDA-NB | ------   Set y to price ($) ---------------------------
2026-06-03 13:20:44 | INFO | EDA-NB | ========================
2026-06-03 13:20:44 | INFO | EDA-NB | SUMMARY
2026-06-03 13:20:44 | INFO | EDA-NB | ========================
2026-06-03 13:20:44 | INFO | EDA-NB | Dataset: diamonds
2026-06-03 13:20:44 | INFO | EDA-NB | Original rows: 53940
2026-06-03 13:20:44 | INFO | EDA-NB | Clean rows:    53940
2026-06-03 13:20:44 | INFO | EDA-NB | Groups found in cut: ['Fair', 'Good', 'Ideal', 'Premium', 'Very Good']
2026-06-03 13:20:44 | INFO | EDA-NB | Strongest correlation: 
2026-06-03 13:20:44 | INFO | EDA-NB |   x (length of diamond) and carat (~0.98)
2026-06-03 13:20:44 | INFO | EDA-NB | Suggested next step: 
2026-06-03 13:20:44 | INFO | EDA-NB |   Model price ~ carat using linear regression
2026-06-03 13:20:44 | INFO | EDA-NB | EDA workflow complete
2026-06-03 13:20:44 | INFO | EDA-NB | IMPORTANT: This script creates chart windows.
2026-06-03 13:20:44 | INFO | EDA-NB | Close any chart windows and terminate this process with CTRL+c as needed.
2026-06-03 13:20:44 | INFO | EDA-NB | ========================
2026-06-03 13:20:44 | INFO | EDA-NB | Executed successfully!
2026-06-03 13:20:44 | INFO | EDA-NB | ========================
